<?xml version="1.0" encoding="UTF-8"?>
<!-- Generated by org.testng.reporters.JUnitReportReporter -->
<testsuite hostname="Dominic-Malile" failures="0" tests="8" name="dominicmalile.TestCases.InvalidDateString" time="0.017" errors="0" timestamp="2023-02-27T01:35:36 EAT" skipped="0">
  <testcase classname="dominicmalile.TestCases.InvalidDateString" name="verifyResponseTime" time="0.002"/>
  <system-out/>
  <testcase classname="dominicmalile.TestCases.InvalidDateString" name="verifyHTTPstatuscode" time="0.003"/>
  <system-out/>
  <testcase classname="dominicmalile.TestCases.InvalidDateString" name="VerifyStatusLine" time="0.003"/>
  <system-out/>
  <testcase classname="dominicmalile.TestCases.InvalidDateString" name="verifyContentType" time="0.003"/>
  <system-out/>
  <testcase classname="dominicmalile.TestCases.InvalidDateString" name="verifyServer" time="0.001"/>
  <system-out/>
  <testcase classname="dominicmalile.TestCases.InvalidDateString" name="verifyContentEncoding" time="0.001"/>
  <system-out/>
  <testcase classname="dominicmalile.TestCases.InvalidDateString" name="verifyTransferEncoding" time="0.002"/>
  <system-out/>
  <testcase classname="dominicmalile.TestCases.InvalidDateString" name="verifyResponseBody" time="0.002"/>
  <system-out/>
</testsuite> <!-- dominicmalile.TestCases.InvalidDateString -->
