<?xml version="1.0" encoding="UTF-8"?>
<!-- Generated by org.testng.reporters.JUnitReportReporter -->
<testsuite hostname="Dominic-Malile" failures="0" tests="8" name="dominicmalile.TestCases.ConvertUnixTimeStampToDate" time="0.033" errors="0" timestamp="2023-02-27T10:12:52 EAT" skipped="0">
  <testcase classname="dominicmalile.TestCases.ConvertUnixTimeStampToDate" name="VerifyStatusLine" time="0.003"/>
  <system-out/>
  <testcase classname="dominicmalile.TestCases.ConvertUnixTimeStampToDate" name="verifyServer" time="0.001"/>
  <system-out/>
  <testcase classname="dominicmalile.TestCases.ConvertUnixTimeStampToDate" name="verifyContentType" time="0.000"/>
  <system-out/>
  <testcase classname="dominicmalile.TestCases.ConvertUnixTimeStampToDate" name="verifyHTTPstatuscode" time="0.000"/>
  <system-out/>
  <testcase classname="dominicmalile.TestCases.ConvertUnixTimeStampToDate" name="verifyResponseBody" time="0.025"/>
  <system-out/>
  <testcase classname="dominicmalile.TestCases.ConvertUnixTimeStampToDate" name="verifyTransferEncoding" time="0.000"/>
  <system-out/>
  <testcase classname="dominicmalile.TestCases.ConvertUnixTimeStampToDate" name="verifyContentEncoding" time="0.001"/>
  <system-out/>
  <testcase classname="dominicmalile.TestCases.ConvertUnixTimeStampToDate" name="verifyResponseTime" time="0.003"/>
  <system-out/>
</testsuite> <!-- dominicmalile.TestCases.ConvertUnixTimeStampToDate -->
